<?xml version="1.0" encoding="UTF-8"?>
<!-- Generated by org.testng.reporters.JUnitReportReporter -->
<testsuite skipped="0" hostname="SBikumalla" name="Selenium.Automation.scrollDown" tests="1" failures="0" timestamp="2020-02-25T16:32:02 IST" time="95.261" errors="0">
  <testcase name="Scroll" time="95.261" classname="Selenium.Automation.scrollDown"/>
</testsuite> <!-- Selenium.Automation.scrollDown -->
