<?xml version="1.0" encoding="UTF-8"?>
<!-- Generated by org.testng.reporters.JUnitReportReporter -->
<testsuite hostname="SBikumalla" failures="0" tests="1" name="Selenium.Automation.SwitchingTabs" time="84.017" errors="0" timestamp="2020-01-21T17:31:24 IST" skipped="0">
  <testcase classname="Selenium.Automation.SwitchingTabs" name="Test1" time="84.017"/>
</testsuite> <!-- Selenium.Automation.SwitchingTabs -->
