<?xml version="1.0" encoding="UTF-8"?>
<!-- Generated by org.testng.reporters.JUnitReportReporter -->
<testsuite name="Selenium.Automation.scrollDown" tests="3" time="15.617" ignored="0" failures="0" timestamp="04 Mar 2020 07:03:28 GMT" skipped="0" hostname="SBikumalla" errors="0">
  <testcase name="Scroll" time="15.617" classname="Selenium.Automation.scrollDown"/>
  <testcase name="harshab" time="0.000" classname="Selenium.Automation.scrollDown"/>
  <testcase name="harsha" time="0.000" classname="Selenium.Automation.scrollDown"/>
</testsuite> <!-- Selenium.Automation.scrollDown -->
